26/02/2013 06:40:24 (Std) 	+-+-+-+-+-+-+-+-+-+-+-+-+-+-+-+-+-+-+-+-+-+-+-+-+-+-+-+-+-+-+-+-+-+-+-+-+-+-+-+
26/02/2013 06:40:24 (Std) 	+                     Crazy Eddie's GUI System - Event log                    +
26/02/2013 06:40:24 (Std) 	+                          (http://www.cegui.org.uk/)                         +
26/02/2013 06:40:24 (Std) 	+-+-+-+-+-+-+-+-+-+-+-+-+-+-+-+-+-+-+-+-+-+-+-+-+-+-+-+-+-+-+-+-+-+-+-+-+-+-+-+

26/02/2013 06:40:24 (Std) 	CEGUI::Logger singleton created. (00DE61C8)
26/02/2013 06:40:24 (Std) 	
26/02/2013 06:40:24 (Std) 	********************************************************************************
26/02/2013 06:40:24 (Std) 	* Important:                                                                   *
26/02/2013 06:40:24 (Std) 	*     To get support at the CEGUI forums, you must post _at least_ the section *
26/02/2013 06:40:24 (Std) 	*     of this log file indicated below.  Failure to do this will result in no  *
26/02/2013 06:40:24 (Std) 	*     support being given; please do not waste our time.                       *
26/02/2013 06:40:24 (Std) 	********************************************************************************
26/02/2013 06:40:24 (Std) 	********************************************************************************
26/02/2013 06:40:24 (Std) 	* -------- START OF ESSENTIAL SECTION TO BE POSTED ON THE FORUM       -------- *
26/02/2013 06:40:24 (Std) 	********************************************************************************
26/02/2013 06:40:24 (Std) 	---- Version 0.7.7 (Build: Dec  7 2012 Debug Microsoft Windows MSVC++ Great Scott! 32 bit) ----
26/02/2013 06:40:24 (Std) 	---- Renderer module is: CEGUI::OgreRenderer - Official OGRE based 2nd generation renderer module. ----
26/02/2013 06:40:24 (Std) 	---- XML Parser module is: CEGUI::ExpatParser - Official expat based parser module for CEGUI ----
26/02/2013 06:40:24 (Std) 	---- Image Codec module is: OgreImageCodec - Integrated ImageCodec using the Ogre engine. ----
26/02/2013 06:40:24 (Std) 	---- Scripting module is: None ----
26/02/2013 06:40:24 (Std) 	********************************************************************************
26/02/2013 06:40:24 (Std) 	* -------- END OF ESSENTIAL SECTION TO BE POSTED ON THE FORUM         -------- *
26/02/2013 06:40:24 (Std) 	********************************************************************************
26/02/2013 06:40:24 (Std) 	
26/02/2013 06:40:24 (Std) 	---- Begining CEGUI System initialisation ----
26/02/2013 06:40:24 (Std) 	CEGUI::ImagesetManager singleton created (00DD6648)
26/02/2013 06:40:24 (Std) 	CEGUI::FontManager singleton created. (00DE6F00)
26/02/2013 06:40:24 (Std) 	CEGUI::WindowFactoryManager singleton created
26/02/2013 06:40:24 (Std) 	CEGUI::WindowManager singleton created (00DCEF30)
26/02/2013 06:40:24 (Std) 	CEGUI::SchemeManager singleton created. (00DE6578)
26/02/2013 06:40:24 (Std) 	CEGUI::MouseCursor singleton created. (00DD3540)
26/02/2013 06:40:24 (Std) 	CEGUI::GlobalEventSet singleton created. (00DC04E0)
26/02/2013 06:40:24 (Std) 	CEGUI::AnimationManager singleton created (00DCEF98)
26/02/2013 06:40:24 (Std) 	CEGUI::WidgetLookManager singleton created. (00DE6048)
26/02/2013 06:40:24 (Std) 	CEGUI::WindowRendererManager singleton created (00DE60F0)
26/02/2013 06:40:24 (Std) 	CEGUI::RenderEffectManager singleton created (00DC6048)
26/02/2013 06:40:24 (Std) 	Created WindowFactory for 'DefaultWindow' windows.
26/02/2013 06:40:24 (Std) 	WindowFactory for 'DefaultWindow' windows added. (00DE6778)
26/02/2013 06:40:24 (Std) 	Created WindowFactory for 'DragContainer' windows.
26/02/2013 06:40:24 (Std) 	WindowFactory for 'DragContainer' windows added. (00DE8510)
26/02/2013 06:40:24 (Std) 	Created WindowFactory for 'ScrolledContainer' windows.
26/02/2013 06:40:24 (Std) 	WindowFactory for 'ScrolledContainer' windows added. (00DE85D8)
26/02/2013 06:40:24 (Std) 	Created WindowFactory for 'ClippedContainer' windows.
26/02/2013 06:40:24 (Std) 	WindowFactory for 'ClippedContainer' windows added. (00DE86A0)
26/02/2013 06:40:24 (Std) 	Created WindowFactory for 'CEGUI/Checkbox' windows.
26/02/2013 06:40:24 (Std) 	WindowFactory for 'CEGUI/Checkbox' windows added. (00DE8768)
26/02/2013 06:40:24 (Std) 	Created WindowFactory for 'CEGUI/PushButton' windows.
26/02/2013 06:40:24 (Std) 	WindowFactory for 'CEGUI/PushButton' windows added. (00DE8830)
26/02/2013 06:40:24 (Std) 	Created WindowFactory for 'CEGUI/RadioButton' windows.
26/02/2013 06:40:24 (Std) 	WindowFactory for 'CEGUI/RadioButton' windows added. (00DE88F8)
26/02/2013 06:40:24 (Std) 	Created WindowFactory for 'CEGUI/Combobox' windows.
26/02/2013 06:40:24 (Std) 	WindowFactory for 'CEGUI/Combobox' windows added. (00DE89C0)
26/02/2013 06:40:24 (Std) 	Created WindowFactory for 'CEGUI/ComboDropList' windows.
26/02/2013 06:40:24 (Std) 	WindowFactory for 'CEGUI/ComboDropList' windows added. (00DEBAC0)
26/02/2013 06:40:24 (Std) 	Created WindowFactory for 'CEGUI/Editbox' windows.
26/02/2013 06:40:24 (Std) 	WindowFactory for 'CEGUI/Editbox' windows added. (00DEBB88)
26/02/2013 06:40:24 (Std) 	Created WindowFactory for 'CEGUI/FrameWindow' windows.
26/02/2013 06:40:24 (Std) 	WindowFactory for 'CEGUI/FrameWindow' windows added. (00DEBC50)
26/02/2013 06:40:24 (Std) 	Created WindowFactory for 'CEGUI/ItemEntry' windows.
26/02/2013 06:40:24 (Std) 	WindowFactory for 'CEGUI/ItemEntry' windows added. (00DEBD18)
26/02/2013 06:40:24 (Std) 	Created WindowFactory for 'CEGUI/Listbox' windows.
26/02/2013 06:40:24 (Std) 	WindowFactory for 'CEGUI/Listbox' windows added. (00DEBDE0)
26/02/2013 06:40:24 (Std) 	Created WindowFactory for 'CEGUI/ListHeader' windows.
26/02/2013 06:40:24 (Std) 	WindowFactory for 'CEGUI/ListHeader' windows added. (00DEBEA8)
26/02/2013 06:40:24 (Std) 	Created WindowFactory for 'CEGUI/ListHeaderSegment' windows.
26/02/2013 06:40:24 (Std) 	WindowFactory for 'CEGUI/ListHeaderSegment' windows added. (00DEDF70)
26/02/2013 06:40:24 (Std) 	Created WindowFactory for 'CEGUI/Menubar' windows.
26/02/2013 06:40:24 (Std) 	WindowFactory for 'CEGUI/Menubar' windows added. (00DEE038)
26/02/2013 06:40:24 (Std) 	Created WindowFactory for 'CEGUI/PopupMenu' windows.
26/02/2013 06:40:24 (Std) 	WindowFactory for 'CEGUI/PopupMenu' windows added. (00DEE118)
26/02/2013 06:40:24 (Std) 	Created WindowFactory for 'CEGUI/MenuItem' windows.
26/02/2013 06:40:24 (Std) 	WindowFactory for 'CEGUI/MenuItem' windows added. (00DEE1E0)
26/02/2013 06:40:24 (Std) 	Created WindowFactory for 'CEGUI/MultiColumnList' windows.
26/02/2013 06:40:24 (Std) 	WindowFactory for 'CEGUI/MultiColumnList' windows added. (00DEE2A8)
26/02/2013 06:40:24 (Std) 	Created WindowFactory for 'CEGUI/MultiLineEditbox' windows.
26/02/2013 06:40:24 (Std) 	WindowFactory for 'CEGUI/MultiLineEditbox' windows added. (00DEE370)
26/02/2013 06:40:24 (Std) 	Created WindowFactory for 'CEGUI/ProgressBar' windows.
26/02/2013 06:40:24 (Std) 	WindowFactory for 'CEGUI/ProgressBar' windows added. (00DEE438)
26/02/2013 06:40:24 (Std) 	Created WindowFactory for 'CEGUI/ScrollablePane' windows.
26/02/2013 06:40:24 (Std) 	WindowFactory for 'CEGUI/ScrollablePane' windows added. (00DEE500)
26/02/2013 06:40:24 (Std) 	Created WindowFactory for 'CEGUI/Scrollbar' windows.
26/02/2013 06:40:24 (Std) 	WindowFactory for 'CEGUI/Scrollbar' windows added. (00DEE5C8)
26/02/2013 06:40:24 (Std) 	Created WindowFactory for 'CEGUI/Slider' windows.
26/02/2013 06:40:24 (Std) 	WindowFactory for 'CEGUI/Slider' windows added. (00DEE690)
26/02/2013 06:40:24 (Std) 	Created WindowFactory for 'CEGUI/Spinner' windows.
26/02/2013 06:40:24 (Std) 	WindowFactory for 'CEGUI/Spinner' windows added. (00DEE758)
26/02/2013 06:40:24 (Std) 	Created WindowFactory for 'CEGUI/TabButton' windows.
26/02/2013 06:40:24 (Std) 	WindowFactory for 'CEGUI/TabButton' windows added. (00DEE820)
26/02/2013 06:40:24 (Std) 	Created WindowFactory for 'CEGUI/TabControl' windows.
26/02/2013 06:40:24 (Std) 	WindowFactory for 'CEGUI/TabControl' windows added. (00DEE8E8)
26/02/2013 06:40:24 (Std) 	Created WindowFactory for 'CEGUI/Thumb' windows.
26/02/2013 06:40:24 (Std) 	WindowFactory for 'CEGUI/Thumb' windows added. (00DEE9B0)
26/02/2013 06:40:24 (Std) 	Created WindowFactory for 'CEGUI/Titlebar' windows.
26/02/2013 06:40:24 (Std) 	WindowFactory for 'CEGUI/Titlebar' windows added. (00DEEB40)
26/02/2013 06:40:24 (Std) 	Created WindowFactory for 'CEGUI/Tooltip' windows.
26/02/2013 06:40:24 (Std) 	WindowFactory for 'CEGUI/Tooltip' windows added. (00DEEA78)
26/02/2013 06:40:24 (Std) 	Created WindowFactory for 'CEGUI/ItemListbox' windows.
26/02/2013 06:40:24 (Std) 	WindowFactory for 'CEGUI/ItemListbox' windows added. (00DEEC08)
26/02/2013 06:40:24 (Std) 	Created WindowFactory for 'CEGUI/GroupBox' windows.
26/02/2013 06:40:24 (Std) 	WindowFactory for 'CEGUI/GroupBox' windows added. (00DEECD0)
26/02/2013 06:40:24 (Std) 	Created WindowFactory for 'CEGUI/Tree' windows.
26/02/2013 06:40:24 (Std) 	WindowFactory for 'CEGUI/Tree' windows added. (00DEED98)
26/02/2013 06:40:24 (Std) 	Created WindowFactory for 'HorizontalLayoutContainer' windows.
26/02/2013 06:40:24 (Std) 	WindowFactory for 'HorizontalLayoutContainer' windows added. (00DEEF28)
26/02/2013 06:40:24 (Std) 	Created WindowFactory for 'VerticalLayoutContainer' windows.
26/02/2013 06:40:24 (Std) 	WindowFactory for 'VerticalLayoutContainer' windows added. (00DEEE60)
26/02/2013 06:40:24 (Std) 	Created WindowFactory for 'GridLayoutContainer' windows.
26/02/2013 06:40:24 (Std) 	WindowFactory for 'GridLayoutContainer' windows added. (00DEEFF0)
26/02/2013 06:40:24 (Std) 	Window type alias named 'DefaultGUISheet' added for window type 'DefaultWindow'.
26/02/2013 06:40:24 (Std) 	CEGUI::System singleton created. (00DE7BF0)
26/02/2013 06:40:24 (Std) 	---- CEGUI System initialisation completed ----
26/02/2013 06:40:24 (Std) 	
26/02/2013 06:40:24 (Std) 	Started creation of Scheme from XML specification:
26/02/2013 06:40:24 (Std) 	---- CEGUI GUIScheme name: TaharezLook
26/02/2013 06:40:24 (Std) 	Started creation of Imageset from XML specification:
26/02/2013 06:40:24 (Std) 	---- CEGUI Imageset name: TaharezLook
26/02/2013 06:40:24 (Std) 	---- Source texture file: TaharezLook.tga in resource group: (Default)
26/02/2013 06:40:24 (Std) 	Started creation of Font from XML specification:
26/02/2013 06:40:24 (Std) 	---- CEGUI font name: BlueHighway-12
26/02/2013 06:40:24 (Std) 	----       Font type: FreeType
26/02/2013 06:40:24 (Std) 	----     Source file: bluehigh.ttf in resource group: (Default)
26/02/2013 06:40:24 (Std) 	---- Real point size: 12
26/02/2013 06:40:24 (Std) 	Started creation of Font from XML specification:
26/02/2013 06:40:24 (Std) 	---- CEGUI font name: BlueHighway-10
26/02/2013 06:40:24 (Std) 	----       Font type: FreeType
26/02/2013 06:40:24 (Std) 	----     Source file: bluehigh.ttf in resource group: (Default)
26/02/2013 06:40:24 (Std) 	---- Real point size: 10
26/02/2013 06:40:24 (Std) 	Started creation of Font from XML specification:
26/02/2013 06:40:24 (Std) 	---- CEGUI font name: BlueHighway-8
26/02/2013 06:40:24 (Std) 	----       Font type: FreeType
26/02/2013 06:40:24 (Std) 	----     Source file: bluehigh.ttf in resource group: (Default)
26/02/2013 06:40:24 (Std) 	---- Real point size: 8
26/02/2013 06:40:24 (Std) 	===== Falagard 'root' element: look and feel parsing begins =====
26/02/2013 06:40:25 (Std) 	===== Look and feel parsing completed =====
26/02/2013 06:40:25 (Std) 	No window renderer factories specified for module 'CEGUIFalagardWRBase' - adding all available factories...
26/02/2013 06:40:25 (Std) 	Created WindowRendererFactory for 'Falagard/Button' WindowRenderers.
26/02/2013 06:40:25 (Std) 	WindowRendererFactory 'Falagard/Button' added. (00DEF950)
26/02/2013 06:40:25 (Std) 	Created WindowRendererFactory for 'Falagard/Default' WindowRenderers.
26/02/2013 06:40:25 (Std) 	WindowRendererFactory 'Falagard/Default' added. (00DEFBA8)
26/02/2013 06:40:25 (Std) 	Created WindowRendererFactory for 'Falagard/Editbox' WindowRenderers.
26/02/2013 06:40:25 (Std) 	WindowRendererFactory 'Falagard/Editbox' added. (00DEFAE0)
26/02/2013 06:40:25 (Std) 	Created WindowRendererFactory for 'Falagard/FrameWindow' WindowRenderers.
26/02/2013 06:40:25 (Std) 	WindowRendererFactory 'Falagard/FrameWindow' added. (00DEFC70)
26/02/2013 06:40:25 (Std) 	Created WindowRendererFactory for 'Falagard/ItemEntry' WindowRenderers.
26/02/2013 06:40:25 (Std) 	WindowRendererFactory 'Falagard/ItemEntry' added. (00DEFD38)
26/02/2013 06:40:25 (Std) 	Created WindowRendererFactory for 'Falagard/ListHeader' WindowRenderers.
26/02/2013 06:40:25 (Std) 	WindowRendererFactory 'Falagard/ListHeader' added. (00DEFE00)
26/02/2013 06:40:25 (Std) 	Created WindowRendererFactory for 'Falagard/ListHeaderSegment' WindowRenderers.
26/02/2013 06:40:25 (Std) 	WindowRendererFactory 'Falagard/ListHeaderSegment' added. (00DEFEC8)
26/02/2013 06:40:25 (Std) 	Created WindowRendererFactory for 'Falagard/Listbox' WindowRenderers.
26/02/2013 06:40:25 (Std) 	WindowRendererFactory 'Falagard/Listbox' added. (00DEFF90)
26/02/2013 06:40:25 (Std) 	Created WindowRendererFactory for 'Falagard/Menubar' WindowRenderers.
26/02/2013 06:40:25 (Std) 	WindowRendererFactory 'Falagard/Menubar' added. (0B5B1358)
26/02/2013 06:40:25 (Std) 	Created WindowRendererFactory for 'Falagard/MenuItem' WindowRenderers.
26/02/2013 06:40:25 (Std) 	WindowRendererFactory 'Falagard/MenuItem' added. (0B5B1420)
26/02/2013 06:40:25 (Std) 	Created WindowRendererFactory for 'Falagard/MultiColumnList' WindowRenderers.
26/02/2013 06:40:25 (Std) 	WindowRendererFactory 'Falagard/MultiColumnList' added. (0B5B14E8)
26/02/2013 06:40:25 (Std) 	Created WindowRendererFactory for 'Falagard/MultiLineEditbox' WindowRenderers.
26/02/2013 06:40:25 (Std) 	WindowRendererFactory 'Falagard/MultiLineEditbox' added. (0B5B15B0)
26/02/2013 06:40:25 (Std) 	Created WindowRendererFactory for 'Falagard/PopupMenu' WindowRenderers.
26/02/2013 06:40:25 (Std) 	WindowRendererFactory 'Falagard/PopupMenu' added. (0B5B1678)
26/02/2013 06:40:25 (Std) 	Created WindowRendererFactory for 'Falagard/ProgressBar' WindowRenderers.
26/02/2013 06:40:25 (Std) 	WindowRendererFactory 'Falagard/ProgressBar' added. (0B5B1740)
26/02/2013 06:40:25 (Std) 	Created WindowRendererFactory for 'Falagard/ScrollablePane' WindowRenderers.
26/02/2013 06:40:25 (Std) 	WindowRendererFactory 'Falagard/ScrollablePane' added. (0B5B1808)
26/02/2013 06:40:25 (Std) 	Created WindowRendererFactory for 'Falagard/Scrollbar' WindowRenderers.
26/02/2013 06:40:25 (Std) 	WindowRendererFactory 'Falagard/Scrollbar' added. (0B5B18D0)
26/02/2013 06:40:25 (Std) 	Created WindowRendererFactory for 'Falagard/Slider' WindowRenderers.
26/02/2013 06:40:25 (Std) 	WindowRendererFactory 'Falagard/Slider' added. (0B5B1998)
26/02/2013 06:40:25 (Std) 	Created WindowRendererFactory for 'Falagard/Static' WindowRenderers.
26/02/2013 06:40:25 (Std) 	WindowRendererFactory 'Falagard/Static' added. (0B5B1B28)
26/02/2013 06:40:25 (Std) 	Created WindowRendererFactory for 'Falagard/StaticImage' WindowRenderers.
26/02/2013 06:40:25 (Std) 	WindowRendererFactory 'Falagard/StaticImage' added. (0B5B1BF0)
26/02/2013 06:40:25 (Std) 	Created WindowRendererFactory for 'Falagard/StaticText' WindowRenderers.
26/02/2013 06:40:25 (Std) 	WindowRendererFactory 'Falagard/StaticText' added. (0B5B1A60)
26/02/2013 06:40:25 (Std) 	Created WindowRendererFactory for 'Falagard/SystemButton' WindowRenderers.
26/02/2013 06:40:25 (Std) 	WindowRendererFactory 'Falagard/SystemButton' added. (0B5B1CB8)
26/02/2013 06:40:25 (Std) 	Created WindowRendererFactory for 'Falagard/TabButton' WindowRenderers.
26/02/2013 06:40:25 (Std) 	WindowRendererFactory 'Falagard/TabButton' added. (0B5B1D80)
26/02/2013 06:40:25 (Std) 	Created WindowRendererFactory for 'Falagard/TabControl' WindowRenderers.
26/02/2013 06:40:25 (Std) 	WindowRendererFactory 'Falagard/TabControl' added. (0B5B1E48)
26/02/2013 06:40:25 (Std) 	Created WindowRendererFactory for 'Falagard/Titlebar' WindowRenderers.
26/02/2013 06:40:25 (Std) 	WindowRendererFactory 'Falagard/Titlebar' added. (0B5B1F10)
26/02/2013 06:40:25 (Std) 	Created WindowRendererFactory for 'Falagard/ToggleButton' WindowRenderers.
26/02/2013 06:40:25 (Std) 	WindowRendererFactory 'Falagard/ToggleButton' added. (0B5B1FD8)
26/02/2013 06:40:25 (Std) 	Created WindowRendererFactory for 'Falagard/Tooltip' WindowRenderers.
26/02/2013 06:40:25 (Std) 	WindowRendererFactory 'Falagard/Tooltip' added. (0B5B20A0)
26/02/2013 06:40:25 (Std) 	Created WindowRendererFactory for 'Falagard/ItemListbox' WindowRenderers.
26/02/2013 06:40:25 (Std) 	WindowRendererFactory 'Falagard/ItemListbox' added. (0B5B2168)
26/02/2013 06:40:25 (Std) 	Created WindowRendererFactory for 'Falagard/Tree' WindowRenderers.
26/02/2013 06:40:25 (Std) 	WindowRendererFactory 'Falagard/Tree' added. (0B5B2230)
26/02/2013 06:40:25 (Std) 	Creating falagard mapping for type 'TaharezLook/Button' using base type 'CEGUI/PushButton', window renderer 'Falagard/Button' Look'N'Feel 'TaharezLook/Button' and RenderEffect ''. (00C6CE8C)
26/02/2013 06:40:25 (Std) 	Creating falagard mapping for type 'TaharezLook/Checkbox' using base type 'CEGUI/Checkbox', window renderer 'Falagard/ToggleButton' Look'N'Feel 'TaharezLook/Checkbox' and RenderEffect ''. (00C6CE8C)
26/02/2013 06:40:25 (Std) 	Creating falagard mapping for type 'TaharezLook/ImageButton' using base type 'CEGUI/PushButton', window renderer 'Falagard/Button' Look'N'Feel 'TaharezLook/ImageButton' and RenderEffect ''. (00C6CE8C)
26/02/2013 06:40:25 (Std) 	Creating falagard mapping for type 'TaharezLook/RadioButton' using base type 'CEGUI/RadioButton', window renderer 'Falagard/ToggleButton' Look'N'Feel 'TaharezLook/RadioButton' and RenderEffect ''. (00C6CE8C)
26/02/2013 06:40:25 (Std) 	Creating falagard mapping for type 'TaharezLook/FrameWindow' using base type 'CEGUI/FrameWindow', window renderer 'Falagard/FrameWindow' Look'N'Feel 'TaharezLook/FrameWindow' and RenderEffect ''. (00C6CE8C)
26/02/2013 06:40:25 (Std) 	Creating falagard mapping for type 'TaharezLook/Titlebar' using base type 'CEGUI/Titlebar', window renderer 'Falagard/Titlebar' Look'N'Feel 'TaharezLook/Titlebar' and RenderEffect ''. (00C6CE8C)
26/02/2013 06:40:25 (Std) 	Creating falagard mapping for type 'TaharezLook/SystemButton' using base type 'CEGUI/PushButton', window renderer 'Falagard/SystemButton' Look'N'Feel 'TaharezLook/Button' and RenderEffect ''. (00C6CE8C)
26/02/2013 06:40:25 (Std) 	Creating falagard mapping for type 'TaharezLook/Editbox' using base type 'CEGUI/Editbox', window renderer 'Falagard/Editbox' Look'N'Feel 'TaharezLook/Editbox' and RenderEffect ''. (00C6CE8C)
26/02/2013 06:40:25 (Std) 	Creating falagard mapping for type 'TaharezLook/MultiLineEditbox' using base type 'CEGUI/MultiLineEditbox', window renderer 'Falagard/MultiLineEditbox' Look'N'Feel 'TaharezLook/MultiLineEditbox' and RenderEffect ''. (00C6CE8C)
26/02/2013 06:40:25 (Std) 	Creating falagard mapping for type 'TaharezLook/Menubar' using base type 'CEGUI/Menubar', window renderer 'Falagard/Menubar' Look'N'Feel 'TaharezLook/Menubar' and RenderEffect ''. (00C6CE8C)
26/02/2013 06:40:25 (Std) 	Creating falagard mapping for type 'TaharezLook/PopupMenu' using base type 'CEGUI/PopupMenu', window renderer 'Falagard/PopupMenu' Look'N'Feel 'TaharezLook/PopupMenu' and RenderEffect ''. (00C6CE8C)
26/02/2013 06:40:25 (Std) 	Creating falagard mapping for type 'TaharezLook/MenuItem' using base type 'CEGUI/MenuItem', window renderer 'Falagard/MenuItem' Look'N'Feel 'TaharezLook/MenuItem' and RenderEffect ''. (00C6CE8C)
26/02/2013 06:40:25 (Std) 	Creating falagard mapping for type 'TaharezLook/AlternateProgressBar' using base type 'CEGUI/ProgressBar', window renderer 'Falagard/ProgressBar' Look'N'Feel 'TaharezLook/AltProgressBar' and RenderEffect ''. (00C6CE8C)
26/02/2013 06:40:25 (Std) 	Creating falagard mapping for type 'TaharezLook/ProgressBar' using base type 'CEGUI/ProgressBar', window renderer 'Falagard/ProgressBar' Look'N'Feel 'TaharezLook/ProgressBar' and RenderEffect ''. (00C6CE8C)
26/02/2013 06:40:25 (Std) 	Creating falagard mapping for type 'TaharezLook/VUMeter' using base type 'CEGUI/ProgressBar', window renderer 'Falagard/ProgressBar' Look'N'Feel 'TaharezLook/VUMeter' and RenderEffect ''. (00C6CE8C)
26/02/2013 06:40:25 (Std) 	Creating falagard mapping for type 'TaharezLook/VerticalScrollbar' using base type 'CEGUI/Scrollbar', window renderer 'Falagard/Scrollbar' Look'N'Feel 'TaharezLook/VerticalScrollbar' and RenderEffect ''. (00C6CE8C)
26/02/2013 06:40:25 (Std) 	Creating falagard mapping for type 'TaharezLook/HorizontalScrollbar' using base type 'CEGUI/Scrollbar', window renderer 'Falagard/Scrollbar' Look'N'Feel 'TaharezLook/HorizontalScrollbar' and RenderEffect ''. (00C6CE8C)
26/02/2013 06:40:25 (Std) 	Creating falagard mapping for type 'TaharezLook/VerticalScrollbarThumb' using base type 'CEGUI/Thumb', window renderer 'Falagard/Button' Look'N'Feel 'TaharezLook/VerticalScrollbarThumb' and RenderEffect ''. (00C6CE8C)
26/02/2013 06:40:25 (Std) 	Creating falagard mapping for type 'TaharezLook/HorizontalScrollbarThumb' using base type 'CEGUI/Thumb', window renderer 'Falagard/Button' Look'N'Feel 'TaharezLook/HorizontalScrollbarThumb' and RenderEffect ''. (00C6CE8C)
26/02/2013 06:40:25 (Std) 	Creating falagard mapping for type 'TaharezLook/LargeVerticalScrollbar' using base type 'CEGUI/Scrollbar', window renderer 'Falagard/Scrollbar' Look'N'Feel 'TaharezLook/LargeVerticalScrollbar' and RenderEffect ''. (00C6CE8C)
26/02/2013 06:40:25 (Std) 	Creating falagard mapping for type 'TaharezLook/LargeVerticalScrollbarThumb' using base type 'CEGUI/Thumb', window renderer 'Falagard/Button' Look'N'Feel 'TaharezLook/LargeVerticalScrollbarThumb' and RenderEffect ''. (00C6CE8C)
26/02/2013 06:40:25 (Std) 	Creating falagard mapping for type 'TaharezLook/TabButton' using base type 'CEGUI/TabButton', window renderer 'Falagard/TabButton' Look'N'Feel 'TaharezLook/TabButton' and RenderEffect ''. (00C6CE8C)
26/02/2013 06:40:25 (Std) 	Creating falagard mapping for type 'TaharezLook/TabControl' using base type 'CEGUI/TabControl', window renderer 'Falagard/TabControl' Look'N'Feel 'TaharezLook/TabControl' and RenderEffect ''. (00C6CE8C)
26/02/2013 06:40:25 (Std) 	Creating falagard mapping for type 'TaharezLook/TabContentPane' using base type 'DefaultWindow', window renderer 'Falagard/Default' Look'N'Feel 'TaharezLook/TabContentPane' and RenderEffect ''. (00C6CE8C)
26/02/2013 06:40:25 (Std) 	Creating falagard mapping for type 'TaharezLook/TabButtonPane' using base type 'DefaultWindow', window renderer 'Falagard/Default' Look'N'Feel 'TaharezLook/TabButtonPane' and RenderEffect ''. (00C6CE8C)
26/02/2013 06:40:25 (Std) 	Creating falagard mapping for type 'TaharezLook/ComboDropList' using base type 'CEGUI/ComboDropList', window renderer 'Falagard/Listbox' Look'N'Feel 'TaharezLook/ComboDropList' and RenderEffect ''. (00C6CE8C)
26/02/2013 06:40:25 (Std) 	Creating falagard mapping for type 'TaharezLook/ComboEditbox' using base type 'CEGUI/Editbox', window renderer 'Falagard/Editbox' Look'N'Feel 'TaharezLook/ComboEditbox' and RenderEffect ''. (00C6CE8C)
26/02/2013 06:40:25 (Std) 	Creating falagard mapping for type 'TaharezLook/Combobox' using base type 'CEGUI/Combobox', window renderer 'Falagard/Default' Look'N'Feel 'TaharezLook/Combobox' and RenderEffect ''. (00C6CE8C)
26/02/2013 06:40:25 (Std) 	Creating falagard mapping for type 'TaharezLook/Listbox' using base type 'CEGUI/Listbox', window renderer 'Falagard/Listbox' Look'N'Feel 'TaharezLook/Listbox' and RenderEffect ''. (00C6CE8C)
26/02/2013 06:40:25 (Std) 	Creating falagard mapping for type 'TaharezLook/ListHeader' using base type 'CEGUI/ListHeader', window renderer 'Falagard/ListHeader' Look'N'Feel 'TaharezLook/ListHeader' and RenderEffect ''. (00C6CE8C)
26/02/2013 06:40:25 (Std) 	Creating falagard mapping for type 'TaharezLook/ListHeaderSegment' using base type 'CEGUI/ListHeaderSegment', window renderer 'Falagard/ListHeaderSegment' Look'N'Feel 'TaharezLook/ListHeaderSegment' and RenderEffect ''. (00C6CE8C)
26/02/2013 06:40:25 (Std) 	Creating falagard mapping for type 'TaharezLook/MultiColumnList' using base type 'CEGUI/MultiColumnList', window renderer 'Falagard/MultiColumnList' Look'N'Feel 'TaharezLook/MultiColumnList' and RenderEffect ''. (00C6CE8C)
26/02/2013 06:40:25 (Std) 	Creating falagard mapping for type 'TaharezLook/Slider' using base type 'CEGUI/Slider', window renderer 'Falagard/Slider' Look'N'Feel 'TaharezLook/Slider' and RenderEffect ''. (00C6CE8C)
26/02/2013 06:40:25 (Std) 	Creating falagard mapping for type 'TaharezLook/SliderThumb' using base type 'CEGUI/Thumb', window renderer 'Falagard/Button' Look'N'Feel 'TaharezLook/SliderThumb' and RenderEffect ''. (00C6CE8C)
26/02/2013 06:40:25 (Std) 	Creating falagard mapping for type 'TaharezLook/ScrollablePane' using base type 'CEGUI/ScrollablePane', window renderer 'Falagard/ScrollablePane' Look'N'Feel 'TaharezLook/ScrollablePane' and RenderEffect ''. (00C6CE8C)
26/02/2013 06:40:25 (Std) 	Creating falagard mapping for type 'TaharezLook/Spinner' using base type 'CEGUI/Spinner', window renderer 'Falagard/Default' Look'N'Feel 'TaharezLook/Spinner' and RenderEffect ''. (00C6CE8C)
26/02/2013 06:40:25 (Std) 	Creating falagard mapping for type 'TaharezLook/Tooltip' using base type 'CEGUI/Tooltip', window renderer 'Falagard/Tooltip' Look'N'Feel 'TaharezLook/Tooltip' and RenderEffect ''. (00C6CE8C)
26/02/2013 06:40:25 (Std) 	Creating falagard mapping for type 'TaharezLook/StaticImage' using base type 'DefaultWindow', window renderer 'Falagard/StaticImage' Look'N'Feel 'TaharezLook/StaticImage' and RenderEffect ''. (00C6CE8C)
26/02/2013 06:40:25 (Std) 	Creating falagard mapping for type 'TaharezLook/StaticText' using base type 'DefaultWindow', window renderer 'Falagard/StaticText' Look'N'Feel 'TaharezLook/StaticText' and RenderEffect ''. (00C6CE8C)
26/02/2013 06:40:25 (Std) 	Started creation of Font from XML specification:
26/02/2013 06:40:25 (Std) 	---- CEGUI font name: Tahoma-8
26/02/2013 06:40:25 (Std) 	----       Font type: FreeType
26/02/2013 06:40:25 (Std) 	----     Source file: tahoma.ttf in resource group: (Default)
26/02/2013 06:40:25 (Std) 	---- Real point size: 8
26/02/2013 06:40:25 (Std) 	---- Successfully completed loading of GUI layout from 'katana.layout' ----
