05/03/2013 16:55:18 (Std) 	+-+-+-+-+-+-+-+-+-+-+-+-+-+-+-+-+-+-+-+-+-+-+-+-+-+-+-+-+-+-+-+-+-+-+-+-+-+-+-+
05/03/2013 16:55:18 (Std) 	+                     Crazy Eddie's GUI System - Event log                    +
05/03/2013 16:55:18 (Std) 	+                          (http://www.cegui.org.uk/)                         +
05/03/2013 16:55:18 (Std) 	+-+-+-+-+-+-+-+-+-+-+-+-+-+-+-+-+-+-+-+-+-+-+-+-+-+-+-+-+-+-+-+-+-+-+-+-+-+-+-+

05/03/2013 16:55:18 (Std) 	CEGUI::Logger singleton created. (011176A8)
05/03/2013 16:55:18 (Std) 	
05/03/2013 16:55:18 (Std) 	********************************************************************************
05/03/2013 16:55:18 (Std) 	* Important:                                                                   *
05/03/2013 16:55:18 (Std) 	*     To get support at the CEGUI forums, you must post _at least_ the section *
05/03/2013 16:55:18 (Std) 	*     of this log file indicated below.  Failure to do this will result in no  *
05/03/2013 16:55:18 (Std) 	*     support being given; please do not waste our time.                       *
05/03/2013 16:55:18 (Std) 	********************************************************************************
05/03/2013 16:55:18 (Std) 	********************************************************************************
05/03/2013 16:55:18 (Std) 	* -------- START OF ESSENTIAL SECTION TO BE POSTED ON THE FORUM       -------- *
05/03/2013 16:55:18 (Std) 	********************************************************************************
05/03/2013 16:55:18 (Std) 	---- Version 0.7.7 (Build: Dec  7 2012 Debug Microsoft Windows MSVC++ Great Scott! 32 bit) ----
05/03/2013 16:55:18 (Std) 	---- Renderer module is: CEGUI::OgreRenderer - Official OGRE based 2nd generation renderer module. ----
05/03/2013 16:55:18 (Std) 	---- XML Parser module is: CEGUI::ExpatParser - Official expat based parser module for CEGUI ----
05/03/2013 16:55:18 (Std) 	---- Image Codec module is: OgreImageCodec - Integrated ImageCodec using the Ogre engine. ----
05/03/2013 16:55:18 (Std) 	---- Scripting module is: None ----
05/03/2013 16:55:18 (Std) 	********************************************************************************
05/03/2013 16:55:18 (Std) 	* -------- END OF ESSENTIAL SECTION TO BE POSTED ON THE FORUM         -------- *
05/03/2013 16:55:18 (Std) 	********************************************************************************
05/03/2013 16:55:18 (Std) 	
05/03/2013 16:55:18 (Std) 	---- Begining CEGUI System initialisation ----
05/03/2013 16:55:18 (Std) 	CEGUI::ImagesetManager singleton created (01106B68)
05/03/2013 16:55:18 (Std) 	CEGUI::FontManager singleton created. (01117BC0)
05/03/2013 16:55:18 (Std) 	CEGUI::WindowFactoryManager singleton created
05/03/2013 16:55:18 (Std) 	CEGUI::WindowManager singleton created (01100588)
05/03/2013 16:55:18 (Std) 	CEGUI::SchemeManager singleton created. (01118788)
05/03/2013 16:55:18 (Std) 	CEGUI::MouseCursor singleton created. (01118870)
05/03/2013 16:55:18 (Std) 	CEGUI::GlobalEventSet singleton created. (010EFF20)
05/03/2013 16:55:18 (Std) 	CEGUI::AnimationManager singleton created (011005F0)
05/03/2013 16:55:18 (Std) 	CEGUI::WidgetLookManager singleton created. (01112548)
05/03/2013 16:55:18 (Std) 	CEGUI::WindowRendererManager singleton created (011125F0)
05/03/2013 16:55:18 (Std) 	CEGUI::RenderEffectManager singleton created (010F2F88)
05/03/2013 16:55:18 (Std) 	Created WindowFactory for 'DefaultWindow' windows.
05/03/2013 16:55:18 (Std) 	WindowFactory for 'DefaultWindow' windows added. (01119000)
05/03/2013 16:55:18 (Std) 	Created WindowFactory for 'DragContainer' windows.
05/03/2013 16:55:18 (Std) 	WindowFactory for 'DragContainer' windows added. (011190C8)
05/03/2013 16:55:18 (Std) 	Created WindowFactory for 'ScrolledContainer' windows.
05/03/2013 16:55:18 (Std) 	WindowFactory for 'ScrolledContainer' windows added. (0111C228)
05/03/2013 16:55:18 (Std) 	Created WindowFactory for 'ClippedContainer' windows.
05/03/2013 16:55:18 (Std) 	WindowFactory for 'ClippedContainer' windows added. (0111C2F0)
05/03/2013 16:55:18 (Std) 	Created WindowFactory for 'CEGUI/Checkbox' windows.
05/03/2013 16:55:18 (Std) 	WindowFactory for 'CEGUI/Checkbox' windows added. (0111C3B8)
05/03/2013 16:55:18 (Std) 	Created WindowFactory for 'CEGUI/PushButton' windows.
05/03/2013 16:55:18 (Std) 	WindowFactory for 'CEGUI/PushButton' windows added. (0111C480)
05/03/2013 16:55:18 (Std) 	Created WindowFactory for 'CEGUI/RadioButton' windows.
05/03/2013 16:55:18 (Std) 	WindowFactory for 'CEGUI/RadioButton' windows added. (0111C548)
05/03/2013 16:55:18 (Std) 	Created WindowFactory for 'CEGUI/Combobox' windows.
05/03/2013 16:55:18 (Std) 	WindowFactory for 'CEGUI/Combobox' windows added. (0111C610)
05/03/2013 16:55:18 (Std) 	Created WindowFactory for 'CEGUI/ComboDropList' windows.
05/03/2013 16:55:18 (Std) 	WindowFactory for 'CEGUI/ComboDropList' windows added. (0111C6D8)
05/03/2013 16:55:18 (Std) 	Created WindowFactory for 'CEGUI/Editbox' windows.
05/03/2013 16:55:18 (Std) 	WindowFactory for 'CEGUI/Editbox' windows added. (0111C7A0)
05/03/2013 16:55:18 (Std) 	Created WindowFactory for 'CEGUI/FrameWindow' windows.
05/03/2013 16:55:18 (Std) 	WindowFactory for 'CEGUI/FrameWindow' windows added. (0111C868)
05/03/2013 16:55:18 (Std) 	Created WindowFactory for 'CEGUI/ItemEntry' windows.
05/03/2013 16:55:18 (Std) 	WindowFactory for 'CEGUI/ItemEntry' windows added. (0111C930)
05/03/2013 16:55:18 (Std) 	Created WindowFactory for 'CEGUI/Listbox' windows.
05/03/2013 16:55:18 (Std) 	WindowFactory for 'CEGUI/Listbox' windows added. (0111C9F8)
05/03/2013 16:55:18 (Std) 	Created WindowFactory for 'CEGUI/ListHeader' windows.
05/03/2013 16:55:18 (Std) 	WindowFactory for 'CEGUI/ListHeader' windows added. (0111CAC0)
05/03/2013 16:55:18 (Std) 	Created WindowFactory for 'CEGUI/ListHeaderSegment' windows.
05/03/2013 16:55:18 (Std) 	WindowFactory for 'CEGUI/ListHeaderSegment' windows added. (0111CC00)
05/03/2013 16:55:18 (Std) 	Created WindowFactory for 'CEGUI/Menubar' windows.
05/03/2013 16:55:18 (Std) 	WindowFactory for 'CEGUI/Menubar' windows added. (0111CCC8)
05/03/2013 16:55:18 (Std) 	Created WindowFactory for 'CEGUI/PopupMenu' windows.
05/03/2013 16:55:18 (Std) 	WindowFactory for 'CEGUI/PopupMenu' windows added. (0111CDA8)
05/03/2013 16:55:18 (Std) 	Created WindowFactory for 'CEGUI/MenuItem' windows.
05/03/2013 16:55:18 (Std) 	WindowFactory for 'CEGUI/MenuItem' windows added. (0111CE70)
05/03/2013 16:55:18 (Std) 	Created WindowFactory for 'CEGUI/MultiColumnList' windows.
05/03/2013 16:55:18 (Std) 	WindowFactory for 'CEGUI/MultiColumnList' windows added. (0111CF38)
05/03/2013 16:55:18 (Std) 	Created WindowFactory for 'CEGUI/MultiLineEditbox' windows.
05/03/2013 16:55:18 (Std) 	WindowFactory for 'CEGUI/MultiLineEditbox' windows added. (0111D000)
05/03/2013 16:55:18 (Std) 	Created WindowFactory for 'CEGUI/ProgressBar' windows.
05/03/2013 16:55:18 (Std) 	WindowFactory for 'CEGUI/ProgressBar' windows added. (0111D0C8)
05/03/2013 16:55:18 (Std) 	Created WindowFactory for 'CEGUI/ScrollablePane' windows.
05/03/2013 16:55:18 (Std) 	WindowFactory for 'CEGUI/ScrollablePane' windows added. (0111D190)
05/03/2013 16:55:18 (Std) 	Created WindowFactory for 'CEGUI/Scrollbar' windows.
05/03/2013 16:55:18 (Std) 	WindowFactory for 'CEGUI/Scrollbar' windows added. (0111D258)
05/03/2013 16:55:18 (Std) 	Created WindowFactory for 'CEGUI/Slider' windows.
05/03/2013 16:55:18 (Std) 	WindowFactory for 'CEGUI/Slider' windows added. (0111D320)
05/03/2013 16:55:18 (Std) 	Created WindowFactory for 'CEGUI/Spinner' windows.
05/03/2013 16:55:18 (Std) 	WindowFactory for 'CEGUI/Spinner' windows added. (0111D3E8)
05/03/2013 16:55:18 (Std) 	Created WindowFactory for 'CEGUI/TabButton' windows.
05/03/2013 16:55:18 (Std) 	WindowFactory for 'CEGUI/TabButton' windows added. (0111D4B0)
05/03/2013 16:55:18 (Std) 	Created WindowFactory for 'CEGUI/TabControl' windows.
05/03/2013 16:55:18 (Std) 	WindowFactory for 'CEGUI/TabControl' windows added. (0111D578)
05/03/2013 16:55:18 (Std) 	Created WindowFactory for 'CEGUI/Thumb' windows.
05/03/2013 16:55:18 (Std) 	WindowFactory for 'CEGUI/Thumb' windows added. (0111D640)
05/03/2013 16:55:18 (Std) 	Created WindowFactory for 'CEGUI/Titlebar' windows.
05/03/2013 16:55:18 (Std) 	WindowFactory for 'CEGUI/Titlebar' windows added. (0111D7D0)
05/03/2013 16:55:18 (Std) 	Created WindowFactory for 'CEGUI/Tooltip' windows.
05/03/2013 16:55:18 (Std) 	WindowFactory for 'CEGUI/Tooltip' windows added. (0111D708)
05/03/2013 16:55:18 (Std) 	Created WindowFactory for 'CEGUI/ItemListbox' windows.
05/03/2013 16:55:18 (Std) 	WindowFactory for 'CEGUI/ItemListbox' windows added. (0111D898)
05/03/2013 16:55:18 (Std) 	Created WindowFactory for 'CEGUI/GroupBox' windows.
05/03/2013 16:55:18 (Std) 	WindowFactory for 'CEGUI/GroupBox' windows added. (0111D960)
05/03/2013 16:55:18 (Std) 	Created WindowFactory for 'CEGUI/Tree' windows.
05/03/2013 16:55:18 (Std) 	WindowFactory for 'CEGUI/Tree' windows added. (0111DA28)
05/03/2013 16:55:18 (Std) 	Created WindowFactory for 'HorizontalLayoutContainer' windows.
05/03/2013 16:55:18 (Std) 	WindowFactory for 'HorizontalLayoutContainer' windows added. (0111DBB8)
05/03/2013 16:55:18 (Std) 	Created WindowFactory for 'VerticalLayoutContainer' windows.
05/03/2013 16:55:18 (Std) 	WindowFactory for 'VerticalLayoutContainer' windows added. (0111DAF0)
05/03/2013 16:55:18 (Std) 	Created WindowFactory for 'GridLayoutContainer' windows.
05/03/2013 16:55:18 (Std) 	WindowFactory for 'GridLayoutContainer' windows added. (0111DC80)
05/03/2013 16:55:18 (Std) 	Window type alias named 'DefaultGUISheet' added for window type 'DefaultWindow'.
05/03/2013 16:55:18 (Std) 	CEGUI::System singleton created. (01117418)
05/03/2013 16:55:18 (Std) 	---- CEGUI System initialisation completed ----
05/03/2013 16:55:18 (Std) 	
05/03/2013 16:55:18 (Std) 	Created WindowFactory for 'AxisIndicator' windows.
05/03/2013 16:55:18 (Std) 	WindowFactory for 'AxisIndicator' windows added. (0111DD48)
05/03/2013 16:55:18 (Std) 	Created WindowFactory for 'HatIndicator' windows.
05/03/2013 16:55:18 (Std) 	WindowFactory for 'HatIndicator' windows added. (0111DED8)
05/03/2013 16:55:18 (Std) 	Started creation of Scheme from XML specification:
05/03/2013 16:55:18 (Std) 	---- CEGUI GUIScheme name: EggShell
05/03/2013 16:55:18 (Std) 	Started creation of Imageset from XML specification:
05/03/2013 16:55:18 (Std) 	---- CEGUI Imageset name: EggShellImages
05/03/2013 16:55:18 (Std) 	---- Source texture file: EggShellImages.png in resource group: (Default)
05/03/2013 16:55:18 (Std) 	Started creation of Font from XML specification:
05/03/2013 16:55:18 (Std) 	---- CEGUI font name: DejaVuSans-10
05/03/2013 16:55:18 (Std) 	----       Font type: FreeType
05/03/2013 16:55:18 (Std) 	----     Source file: DejaVuSans.ttf in resource group: (Default)
05/03/2013 16:55:18 (Std) 	---- Real point size: 10
05/03/2013 16:55:18 (Std) 	===== Falagard 'root' element: look and feel parsing begins =====
05/03/2013 16:55:18 (Std) 	===== Look and feel parsing completed =====
05/03/2013 16:55:18 (Std) 	No window renderer factories specified for module 'CEGUIFalagardWRBase' - adding all available factories...
05/03/2013 16:55:18 (Std) 	Created WindowRendererFactory for 'Falagard/Button' WindowRenderers.
05/03/2013 16:55:18 (Std) 	WindowRendererFactory 'Falagard/Button' added. (09FB9C28)
05/03/2013 16:55:18 (Std) 	Created WindowRendererFactory for 'Falagard/Default' WindowRenderers.
05/03/2013 16:55:18 (Std) 	WindowRendererFactory 'Falagard/Default' added. (09FBA970)
05/03/2013 16:55:18 (Std) 	Created WindowRendererFactory for 'Falagard/Editbox' WindowRenderers.
05/03/2013 16:55:18 (Std) 	WindowRendererFactory 'Falagard/Editbox' added. (09FBAA38)
05/03/2013 16:55:18 (Std) 	Created WindowRendererFactory for 'Falagard/FrameWindow' WindowRenderers.
05/03/2013 16:55:18 (Std) 	WindowRendererFactory 'Falagard/FrameWindow' added. (09FBA8A8)
05/03/2013 16:55:18 (Std) 	Created WindowRendererFactory for 'Falagard/ItemEntry' WindowRenderers.
05/03/2013 16:55:18 (Std) 	WindowRendererFactory 'Falagard/ItemEntry' added. (09FBA7E0)
05/03/2013 16:55:18 (Std) 	Created WindowRendererFactory for 'Falagard/ListHeader' WindowRenderers.
05/03/2013 16:55:18 (Std) 	WindowRendererFactory 'Falagard/ListHeader' added. (09FBA718)
05/03/2013 16:55:18 (Std) 	Created WindowRendererFactory for 'Falagard/ListHeaderSegment' WindowRenderers.
05/03/2013 16:55:18 (Std) 	WindowRendererFactory 'Falagard/ListHeaderSegment' added. (09FBA650)
05/03/2013 16:55:18 (Std) 	Created WindowRendererFactory for 'Falagard/Listbox' WindowRenderers.
05/03/2013 16:55:18 (Std) 	WindowRendererFactory 'Falagard/Listbox' added. (09FBA588)
05/03/2013 16:55:18 (Std) 	Created WindowRendererFactory for 'Falagard/Menubar' WindowRenderers.
05/03/2013 16:55:18 (Std) 	WindowRendererFactory 'Falagard/Menubar' added. (09FBA4C0)
05/03/2013 16:55:18 (Std) 	Created WindowRendererFactory for 'Falagard/MenuItem' WindowRenderers.
05/03/2013 16:55:18 (Std) 	WindowRendererFactory 'Falagard/MenuItem' added. (09FBA3F8)
05/03/2013 16:55:18 (Std) 	Created WindowRendererFactory for 'Falagard/MultiColumnList' WindowRenderers.
05/03/2013 16:55:18 (Std) 	WindowRendererFactory 'Falagard/MultiColumnList' added. (09FBA330)
05/03/2013 16:55:18 (Std) 	Created WindowRendererFactory for 'Falagard/MultiLineEditbox' WindowRenderers.
05/03/2013 16:55:18 (Std) 	WindowRendererFactory 'Falagard/MultiLineEditbox' added. (09FBA268)
05/03/2013 16:55:18 (Std) 	Created WindowRendererFactory for 'Falagard/PopupMenu' WindowRenderers.
05/03/2013 16:55:18 (Std) 	WindowRendererFactory 'Falagard/PopupMenu' added. (09FBA1A0)
05/03/2013 16:55:18 (Std) 	Created WindowRendererFactory for 'Falagard/ProgressBar' WindowRenderers.
05/03/2013 16:55:18 (Std) 	WindowRendererFactory 'Falagard/ProgressBar' added. (09FB9908)
05/03/2013 16:55:18 (Std) 	Created WindowRendererFactory for 'Falagard/ScrollablePane' WindowRenderers.
05/03/2013 16:55:18 (Std) 	WindowRendererFactory 'Falagard/ScrollablePane' added. (09FB99D0)
05/03/2013 16:55:18 (Std) 	Created WindowRendererFactory for 'Falagard/Scrollbar' WindowRenderers.
05/03/2013 16:55:18 (Std) 	WindowRendererFactory 'Falagard/Scrollbar' added. (09FB9A98)
05/03/2013 16:55:18 (Std) 	Created WindowRendererFactory for 'Falagard/Slider' WindowRenderers.
05/03/2013 16:55:18 (Std) 	WindowRendererFactory 'Falagard/Slider' added. (0111EC20)
05/03/2013 16:55:18 (Std) 	Created WindowRendererFactory for 'Falagard/Static' WindowRenderers.
05/03/2013 16:55:18 (Std) 	WindowRendererFactory 'Falagard/Static' added. (0111E9C8)
05/03/2013 16:55:18 (Std) 	Created WindowRendererFactory for 'Falagard/StaticImage' WindowRenderers.
05/03/2013 16:55:18 (Std) 	WindowRendererFactory 'Falagard/StaticImage' added. (0111E838)
05/03/2013 16:55:18 (Std) 	Created WindowRendererFactory for 'Falagard/StaticText' WindowRenderers.
05/03/2013 16:55:18 (Std) 	WindowRendererFactory 'Falagard/StaticText' added. (0111EA90)
05/03/2013 16:55:18 (Std) 	Created WindowRendererFactory for 'Falagard/SystemButton' WindowRenderers.
05/03/2013 16:55:18 (Std) 	WindowRendererFactory 'Falagard/SystemButton' added. (0111E900)
05/03/2013 16:55:18 (Std) 	Created WindowRendererFactory for 'Falagard/TabButton' WindowRenderers.
05/03/2013 16:55:18 (Std) 	WindowRendererFactory 'Falagard/TabButton' added. (0111E450)
05/03/2013 16:55:18 (Std) 	Created WindowRendererFactory for 'Falagard/TabControl' WindowRenderers.
05/03/2013 16:55:18 (Std) 	WindowRendererFactory 'Falagard/TabControl' added. (0111E130)
05/03/2013 16:55:18 (Std) 	Created WindowRendererFactory for 'Falagard/Titlebar' WindowRenderers.
05/03/2013 16:55:18 (Std) 	WindowRendererFactory 'Falagard/Titlebar' added. (0111E2C0)
05/03/2013 16:55:18 (Std) 	Created WindowRendererFactory for 'Falagard/ToggleButton' WindowRenderers.
05/03/2013 16:55:18 (Std) 	WindowRendererFactory 'Falagard/ToggleButton' added. (0111E770)
05/03/2013 16:55:18 (Std) 	Created WindowRendererFactory for 'Falagard/Tooltip' WindowRenderers.
05/03/2013 16:55:18 (Std) 	WindowRendererFactory 'Falagard/Tooltip' added. (0111E5E0)
05/03/2013 16:55:18 (Std) 	Created WindowRendererFactory for 'Falagard/ItemListbox' WindowRenderers.
05/03/2013 16:55:18 (Std) 	WindowRendererFactory 'Falagard/ItemListbox' added. (0111E6A8)
05/03/2013 16:55:18 (Std) 	Created WindowRendererFactory for 'Falagard/Tree' WindowRenderers.
05/03/2013 16:55:18 (Std) 	WindowRendererFactory 'Falagard/Tree' added. (0111E518)
05/03/2013 16:55:18 (Std) 	Creating falagard mapping for type 'EggShell/Crosshair' using base type 'DefaultWindow', window renderer 'Falagard/Default' Look'N'Feel 'EggShell/Crosshair' and RenderEffect ''. (00CBCBAC)
05/03/2013 16:55:18 (Std) 	Creating falagard mapping for type 'EggShell/AxisIndicator' using base type 'AxisIndicator', window renderer 'Falagard/Default' Look'N'Feel 'EggShell/AxisIndicator' and RenderEffect ''. (00CBCBAC)
05/03/2013 16:55:18 (Std) 	Creating falagard mapping for type 'EggShell/HatIndicator' using base type 'HatIndicator', window renderer 'Falagard/Default' Look'N'Feel 'EggShell/HatIndicator' and RenderEffect ''. (00CBCBAC)
05/03/2013 16:55:18 (Std) 	Creating falagard mapping for type 'EggShell/Button' using base type 'CEGUI/PushButton', window renderer 'Falagard/Button' Look'N'Feel 'EggShell/PushButton' and RenderEffect ''. (00CBCBAC)
05/03/2013 16:55:18 (Std) 	Creating falagard mapping for type 'EggShell/Titlebar' using base type 'CEGUI/Titlebar', window renderer 'Falagard/Titlebar' Look'N'Feel 'EggShell/Titlebar' and RenderEffect ''. (00CBCBAC)
05/03/2013 16:55:18 (Std) 	Creating falagard mapping for type 'EggShell/FrameWindow' using base type 'CEGUI/FrameWindow', window renderer 'Falagard/FrameWindow' Look'N'Feel 'EggShell/FrameWindow' and RenderEffect ''. (00CBCBAC)
05/03/2013 16:55:18 (Std) 	Creating falagard mapping for type 'EggShell/Thumb' using base type 'CEGUI/Thumb', window renderer 'Falagard/Button' Look'N'Feel 'EggShell/Thumb' and RenderEffect ''. (00CBCBAC)
05/03/2013 16:55:18 (Std) 	Creating falagard mapping for type 'EggShell/VerticalScrollbar' using base type 'CEGUI/Scrollbar', window renderer 'Falagard/Scrollbar' Look'N'Feel 'EggShell/VerticalScrollbar' and RenderEffect ''. (00CBCBAC)
05/03/2013 16:55:18 (Std) 	Creating falagard mapping for type 'EggShell/HorizontalScrollbar' using base type 'CEGUI/Scrollbar', window renderer 'Falagard/Scrollbar' Look'N'Feel 'EggShell/HorizontalScrollbar' and RenderEffect ''. (00CBCBAC)
05/03/2013 16:55:18 (Std) 	Creating falagard mapping for type 'EggShell/StaticText' using base type 'DefaultWindow', window renderer 'Falagard/StaticText' Look'N'Feel 'EggShell/StaticText' and RenderEffect ''. (00CBCBAC)
05/03/2013 16:55:18 (Std) 	Creating falagard mapping for type 'EggShell/Title' using base type 'DefaultWindow', window renderer 'Falagard/Default' Look'N'Feel 'EggShell/MiniTray' and RenderEffect ''. (00CBCBAC)
05/03/2013 16:55:18 (Std) 	Creating falagard mapping for type 'EggShell/CaptionedStaticText' using base type 'DefaultWindow', window renderer 'Falagard/StaticText' Look'N'Feel 'EggShell/CaptionedStaticText' and RenderEffect ''. (00CBCBAC)
05/03/2013 16:55:18 (Std) 	Creating falagard mapping for type 'EggShell/ProgressBar' using base type 'CEGUI/ProgressBar', window renderer 'Falagard/ProgressBar' Look'N'Feel 'EggShell/ProgressBar' and RenderEffect ''. (00CBCBAC)
05/03/2013 16:55:18 (Std) 	Creating falagard mapping for type 'EggShell/Editbox' using base type 'CEGUI/Editbox', window renderer 'Falagard/Editbox' Look'N'Feel 'EggShell/Editbox' and RenderEffect ''. (00CBCBAC)
05/03/2013 16:55:18 (Std) 	Creating falagard mapping for type 'EggShell/MultiLineEditbox' using base type 'CEGUI/MultiLineEditbox', window renderer 'Falagard/MultiLineEditbox' Look'N'Feel 'EggShell/MultiLineEditbox' and RenderEffect ''. (00CBCBAC)
05/03/2013 16:55:18 (Std) 	Creating falagard mapping for type 'EggShell/Listbox' using base type 'CEGUI/Listbox', window renderer 'Falagard/Listbox' Look'N'Feel 'EggShell/Listbox' and RenderEffect ''. (00CBCBAC)
05/03/2013 16:55:18 (Std) 	Creating falagard mapping for type 'EggShell/ComboDropList' using base type 'CEGUI/ComboDropList', window renderer 'Falagard/Listbox' Look'N'Feel 'EggShell/Listbox' and RenderEffect ''. (00CBCBAC)
05/03/2013 16:55:18 (Std) 	Creating falagard mapping for type 'EggShell/Combobox' using base type 'CEGUI/Combobox', window renderer 'Falagard/Default' Look'N'Feel 'EggShell/Combobox' and RenderEffect ''. (00CBCBAC)
05/03/2013 16:55:18 (Std) 	Creating falagard mapping for type 'EggShell/DropDownMenu' using base type 'CEGUI/Combobox', window renderer 'Falagard/Default' Look'N'Feel 'EggShell/DropDownMenu' and RenderEffect ''. (00CBCBAC)
05/03/2013 16:55:18 (Std) 	Creating falagard mapping for type 'EggShell/Group' using base type 'DefaultWindow', window renderer 'Falagard/Default' Look'N'Feel 'EggShell/Group' and RenderEffect ''. (00CBCBAC)
05/03/2013 16:55:18 (Std) 	Creating falagard mapping for type 'EggShell/Checkbox' using base type 'CEGUI/Checkbox', window renderer 'Falagard/ToggleButton' Look'N'Feel 'EggShell/Checkbox' and RenderEffect ''. (00CBCBAC)
05/03/2013 16:55:18 (Std) 	Creating falagard mapping for type 'EggShell/RadioButton' using base type 'CEGUI/RadioButton', window renderer 'Falagard/ToggleButton' Look'N'Feel 'EggShell/RadioButton' and RenderEffect ''. (00CBCBAC)
05/03/2013 16:55:18 (Std) 	Creating falagard mapping for type 'EggShell/Slider' using base type 'CEGUI/Slider', window renderer 'Falagard/Slider' Look'N'Feel 'EggShell/Slider' and RenderEffect ''. (00CBCBAC)
05/03/2013 16:55:18 (Std) 	Creating falagard mapping for type 'EggShell/StaticImage' using base type 'DefaultWindow', window renderer 'Falagard/StaticImage' Look'N'Feel 'EggShell/StaticImage' and RenderEffect ''. (00CBCBAC)
05/03/2013 16:55:18 (Std) 	Creating falagard mapping for type 'EggShell/AltStaticImage' using base type 'DefaultWindow', window renderer 'Falagard/Default' Look'N'Feel 'EggShell/AltStaticImage' and RenderEffect ''. (00CBCBAC)
05/03/2013 16:55:18 (Std) 	Creating falagard mapping for type 'EggShell/Tooltip' using base type 'CEGUI/Tooltip', window renderer 'Falagard/Tooltip' Look'N'Feel 'EggShell/Tooltip' and RenderEffect ''. (00CBCBAC)
05/03/2013 16:55:18 (Std) 	Creating falagard mapping for type 'EggShell/ItemListbox' using base type 'CEGUI/ItemListbox', window renderer 'Falagard/ItemListbox' Look'N'Feel 'EggShell/ItemListbox' and RenderEffect ''. (00CBCBAC)
05/03/2013 16:55:18 (Std) 	Creating falagard mapping for type 'EggShell/ListboxItem' using base type 'CEGUI/ItemEntry', window renderer 'Falagard/ItemEntry' Look'N'Feel 'EggShell/ListboxItem' and RenderEffect ''. (00CBCBAC)
05/03/2013 16:55:18 (Std) 	Creating falagard mapping for type 'EggShell/Spinner' using base type 'CEGUI/Spinner', window renderer 'Falagard/Default' Look'N'Feel 'EggShell/Spinner' and RenderEffect ''. (00CBCBAC)
05/03/2013 16:55:18 (Std) 	Creating falagard mapping for type 'EggShell/ScrollablePane' using base type 'CEGUI/ScrollablePane', window renderer 'Falagard/ScrollablePane' Look'N'Feel 'EggShell/ScrollablePane' and RenderEffect ''. (00CBCBAC)
05/03/2013 16:55:18 (Std) 	Creating falagard mapping for type 'EggShell/ListHeaderSegment' using base type 'CEGUI/ListHeaderSegment', window renderer 'Falagard/ListHeaderSegment' Look'N'Feel 'EggShell/ListHeaderSegment' and RenderEffect ''. (00CBCBAC)
05/03/2013 16:55:18 (Std) 	Creating falagard mapping for type 'EggShell/ListHeader' using base type 'CEGUI/ListHeader', window renderer 'Falagard/ListHeader' Look'N'Feel 'EggShell/ListHeader' and RenderEffect ''. (00CBCBAC)
05/03/2013 16:55:18 (Std) 	Creating falagard mapping for type 'EggShell/MultiColumnList' using base type 'CEGUI/MultiColumnList', window renderer 'Falagard/MultiColumnList' Look'N'Feel 'EggShell/MultiColumnList' and RenderEffect ''. (00CBCBAC)
05/03/2013 16:55:18 (Std) 	Creating falagard mapping for type 'EggShell/MenuItem' using base type 'CEGUI/MenuItem', window renderer 'Falagard/MenuItem' Look'N'Feel 'EggShell/MenuItem' and RenderEffect ''. (00CBCBAC)
05/03/2013 16:55:18 (Std) 	Creating falagard mapping for type 'EggShell/Menubar' using base type 'CEGUI/Menubar', window renderer 'Falagard/Menubar' Look'N'Feel 'EggShell/Menubar' and RenderEffect ''. (00CBCBAC)
05/03/2013 16:55:18 (Std) 	Creating falagard mapping for type 'EggShell/PopupMenu' using base type 'CEGUI/PopupMenu', window renderer 'Falagard/PopupMenu' Look'N'Feel 'EggShell/PopupMenu' and RenderEffect ''. (00CBCBAC)
05/03/2013 16:55:18 (Std) 	Creating falagard mapping for type 'EggShell/TabButton' using base type 'CEGUI/TabButton', window renderer 'Falagard/TabButton' Look'N'Feel 'EggShell/TabButton' and RenderEffect ''. (00CBCBAC)
05/03/2013 16:55:18 (Std) 	Creating falagard mapping for type 'EggShell/TabButtonPane' using base type 'DefaultWindow', window renderer 'Falagard/Default' Look'N'Feel 'EggShell/TabButtonPane' and RenderEffect ''. (00CBCBAC)
05/03/2013 16:55:18 (Std) 	Creating falagard mapping for type 'EggShell/TabContentPane' using base type 'DefaultWindow', window renderer 'Falagard/Default' Look'N'Feel 'EggShell/TabContentPane' and RenderEffect ''. (00CBCBAC)
05/03/2013 16:55:18 (Std) 	Creating falagard mapping for type 'EggShell/TabControl' using base type 'CEGUI/TabControl', window renderer 'Falagard/TabControl' Look'N'Feel 'EggShell/TabControl' and RenderEffect ''. (00CBCBAC)
05/03/2013 16:55:18 (Std) 	Creating falagard mapping for type 'EggShell/BG' using base type 'DefaultWindow', window renderer 'Falagard/Default' Look'N'Feel 'EggShell/BGTest' and RenderEffect ''. (00CBCBAC)
05/03/2013 16:55:18 (Std) 	Started creation of Font from XML specification:
05/03/2013 16:55:18 (Std) 	---- CEGUI font name: Tahoma-8
05/03/2013 16:55:18 (Std) 	----       Font type: FreeType
05/03/2013 16:55:18 (Std) 	----     Source file: tahoma.ttf in resource group: (Default)
05/03/2013 16:55:18 (Std) 	---- Real point size: 8
05/03/2013 16:55:19 (Error)	CEGUI::UnknownObjectException in file d:\dev\cegui-0.7.7\cegui\src\ceguipropertyset.cpp(125) : There is no Property named 'TextColours' available in the set.
05/03/2013 16:55:19 (Error)	CEGUI::UnknownObjectException in file d:\dev\cegui-0.7.7\cegui\src\ceguipropertyset.cpp(125) : There is no Property named 'HorzFormatting' available in the set.
05/03/2013 16:55:19 (Error)	CEGUI::UnknownObjectException in file d:\dev\cegui-0.7.7\cegui\src\ceguipropertyset.cpp(125) : There is no Property named 'BackgroundEnabled' available in the set.
05/03/2013 16:55:19 (Std) 	---- Successfully completed loading of GUI layout from 'input_test.layout' ----
05/03/2013 16:55:19 (Std) 	Attempting to create Imageset 'Tahoma-8_auto_glyph_images_ ' with texture only.
